Using pre-set license
Built from '2020.3/staging' branch; Version is '2020.3.19f1 (68f137dc9bbe) revision 6877495'; Using compiler version '192528614'; Build Type 'Release'
OS: 'Windows 10 Pro; OS build 19043.1288; Version 2009; 64bit' Language: 'es' Physical Memory: 16342 MB
BatchMode: 1, IsHumanControllingUs: 0, StartBugReporterOnCrash: 0, Is64bit: 1, IsPro: 0

COMMAND LINE ARGUMENTS:
C:\Program Files\Unity\Hub\Editor\2020.3.19f1\Editor\Unity.exe
-adb2
-batchMode
-noUpm
-name
AssetImportWorker0
-projectPath
D:/Marc Carrot/Entregable_4/ENTREGABLE_4
-logFile
Logs/AssetImportWorker0.log
-srvPort
63941
Successfully changed project path to: D:/Marc Carrot/Entregable_4/ENTREGABLE_4
D:/Marc Carrot/Entregable_4/ENTREGABLE_4
Using Asset Import Pipeline V2.
Refreshing native plugins compatible for Editor in 29.66 ms, found 2 plugins.
Preloading 0 native plugins for Editor in 0.00 ms.
Initialize engine version: 2020.3.19f1 (68f137dc9bbe)
[Subsystems] Discovering subsystems at path C:/Program Files/Unity/Hub/Editor/2020.3.19f1/Editor/Data/Resources/UnitySubsystems
[Subsystems] Discovering subsystems at path D:/Marc Carrot/Entregable_4/ENTREGABLE_4/Assets
GfxDevice: creating device client; threaded=0
Direct3D:
    Version:  Direct3D 11.0 [level 11.1]
    Renderer: NVIDIA GeForce GTX 1050 Ti (ID=0x1c82)
    Vendor:   
    VRAM:     4018 MB
    Driver:   27.21.14.5671
Initialize mono
Mono path[0] = 'C:/Program Files/Unity/Hub/Editor/2020.3.19f1/Editor/Data/Managed'
Mono path[1] = 'C:/Program Files/Unity/Hub/Editor/2020.3.19f1/Editor/Data/MonoBleedingEdge/lib/mono/unityjit'
Mono config path = 'C:/Program Files/Unity/Hub/Editor/2020.3.19f1/Editor/Data/MonoBleedingEdge/etc'
Using monoOptions --debugger-agent=transport=dt_socket,embedding=1,server=y,suspend=n,address=127.0.0.1:56340
Begin MonoManager ReloadAssembly
Registering precompiled unity dll's ...
Register platform support module: C:/Program Files/Unity/Hub/Editor/2020.3.19f1/Editor/Data/PlaybackEngines/WindowsStandaloneSupport/UnityEditor.WindowsStandalone.Extensions.dll
Registered in 0.001994 seconds.
Native extension for WindowsStandalone target not found
Refreshing native plugins compatible for Editor in 28.71 ms, found 2 plugins.
Preloading 0 native plugins for Editor in 0.00 ms.
Mono: successfully reloaded assembly
- Completed reload, in  1.071 seconds
Domain Reload Profiling:
	ReloadAssembly (1071ms)
		BeginReloadAssembly (58ms)
			ExecutionOrderSort (0ms)
			DisableScriptedObjects (0ms)
			BackupInstance (0ms)
			ReleaseScriptingObjects (0ms)
			CreateAndSetChildDomain (1ms)
		EndReloadAssembly (424ms)
			LoadAssemblies (55ms)
			RebuildTransferFunctionScriptingTraits (0ms)
			SetupTypeCache (161ms)
			ReleaseScriptCaches (0ms)
			RebuildScriptCaches (33ms)
			SetupLoadedEditorAssemblies (157ms)
				LogAssemblyErrors (0ms)
				InitializePlatformSupportModulesInManaged (4ms)
				SetLoadedEditorAssemblies (0ms)
				RefreshPlugins (29ms)
				BeforeProcessingInitializeOnLoad (8ms)
				ProcessInitializeOnLoadAttributes (86ms)
				ProcessInitializeOnLoadMethodAttributes (30ms)
				AfterProcessingInitializeOnLoad (0ms)
				EditorAssembliesLoaded (0ms)
			ExecutionOrderSort2 (0ms)
			AwakeInstancesAfterBackupRestoration (0ms)
Platform modules already initialized, skipping
Registering precompiled user dll's ...
Registered in 0.001766 seconds.
Begin MonoManager ReloadAssembly
Native extension for WindowsStandalone target not found
Refreshing native plugins compatible for Editor in 0.33 ms, found 2 plugins.
Preloading 0 native plugins for Editor in 0.00 ms.
Mono: successfully reloaded assembly
- Completed reload, in  1.010 seconds
Domain Reload Profiling:
	ReloadAssembly (1011ms)
		BeginReloadAssembly (146ms)
			ExecutionOrderSort (0ms)
			DisableScriptedObjects (5ms)
			BackupInstance (0ms)
			ReleaseScriptingObjects (0ms)
			CreateAndSetChildDomain (18ms)
		EndReloadAssembly (802ms)
			LoadAssemblies (82ms)
			RebuildTransferFunctionScriptingTraits (0ms)
			SetupTypeCache (279ms)
			ReleaseScriptCaches (0ms)
			RebuildScriptCaches (42ms)
			SetupLoadedEditorAssemblies (296ms)
				LogAssemblyErrors (0ms)
				InitializePlatformSupportModulesInManaged (5ms)
				SetLoadedEditorAssemblies (0ms)
				RefreshPlugins (0ms)
				BeforeProcessingInitializeOnLoad (54ms)
				ProcessInitializeOnLoadAttributes (225ms)
				ProcessInitializeOnLoadMethodAttributes (5ms)
				AfterProcessingInitializeOnLoad (6ms)
				EditorAssembliesLoaded (0ms)
			ExecutionOrderSort2 (0ms)
			AwakeInstancesAfterBackupRestoration (7ms)
Platform modules already initialized, skipping
========================================================================
Worker process is ready to serve import requests
Launched and connected shader compiler UnityShaderCompiler.exe after 0.04 seconds
Refreshing native plugins compatible for Editor in 0.29 ms, found 2 plugins.
Preloading 0 native plugins for Editor in 0.00 ms.
Unloading 1397 Unused Serialized files (Serialized files now loaded: 0)
System memory in use before: 64.8 MB.
System memory in use after: 64.9 MB.

Unloading 16 unused Assets to reduce memory usage. Loaded Objects now: 1832.
Total: 2.873500 ms (FindLiveObjects: 0.137900 ms CreateObjectMapping: 0.048000 ms MarkObjects: 2.570200 ms  DeleteObjects: 0.116400 ms)

AssetImportParameters requested are different than current active one (requested -> active):
  custom:framework-win-MediaFoundation: 216162199b28c13a410421893ffa2e32 -> 
  custom:video-decoder-ogg-theora: a1e56fd34408186e4bbccfd4996cb3dc -> 
  custom:container-muxer-webm: aa71ff27fc2769a1b78a27578f13a17b -> 
  custom:container-demuxer-webm: 4f35f7cbe854078d1ac9338744f61a02 -> 
  custom:container-demuxer-ogg: 62fdf1f143b41e24485cea50d1cbac27 -> 
  custom:video-encoder-webm-vp8: eb34c28f22e8b96e1ab97ce403110664 -> 
  custom:video-decoder-webm-vp8: 9c59270c3fd7afecdb556c50c9e8de78 -> 
  custom:audio-decoder-ogg-vorbis: bf7c407c2cedff20999df2af8eb42d56 -> 
  custom:audio-encoder-webm-vorbis: bf7c407c2cedff20999df2af8eb42d56 -> 
========================================================================
Received Import Request.
  path: Assets/Scenes
  artifactKey: Guid(01116562e693dfd4d8be30bfaddf0198) Importer(815301076,1909f56bfc062723c751e8b465ee728b)
Start importing Assets/Scenes using Guid(01116562e693dfd4d8be30bfaddf0198) Importer(815301076,1909f56bfc062723c751e8b465ee728b)  -> (artifact id: '6e04e8d6b9393026c821666688e8adc4') in 0.003625 seconds 
  Import took 0.005676 seconds .

========================================================================
Received Import Request.
  Time since last request: 0.000240 seconds.
  path: Assets/Scenes/SampleScene.unity
  artifactKey: Guid(9fc0d4010bbf28b4594072e72b8655ab) Importer(815301076,1909f56bfc062723c751e8b465ee728b)
Start importing Assets/Scenes/SampleScene.unity using Guid(9fc0d4010bbf28b4594072e72b8655ab) Importer(815301076,1909f56bfc062723c751e8b465ee728b)  -> (artifact id: '85059f4f9e1a832ed95adaa0d25c5c4c') in 0.010561 seconds 
  Import took 0.012920 seconds .

========================================================================
Received Import Request.
  Time since last request: 5.478711 seconds.
  path: Assets/Scenes/ENTREGABLE_4.unity
  artifactKey: Guid(9fc0d4010bbf28b4594072e72b8655ab) Importer(815301076,1909f56bfc062723c751e8b465ee728b)
Start importing Assets/Scenes/ENTREGABLE_4.unity using Guid(9fc0d4010bbf28b4594072e72b8655ab) Importer(815301076,1909f56bfc062723c751e8b465ee728b)  -> (artifact id: 'f0bc5e24968fa908aafd3b14b91de42e') in 0.001252 seconds 
  Import took 0.003821 seconds .

========================================================================
Received Import Request.
  Time since last request: 12.088957 seconds.
  path: Assets/Scenes/S.unity
  artifactKey: Guid(9fc0d4010bbf28b4594072e72b8655ab) Importer(815301076,1909f56bfc062723c751e8b465ee728b)
Start importing Assets/Scenes/S.unity using Guid(9fc0d4010bbf28b4594072e72b8655ab) Importer(815301076,1909f56bfc062723c751e8b465ee728b)  -> (artifact id: '32286d3b1cfe6b90ad6943013183332e') in 0.002009 seconds 
  Import took 0.004349 seconds .

========================================================================
Received Import Request.
  Time since last request: 7.951318 seconds.
  path: Assets/Scenes/Entregable_4.unity
  artifactKey: Guid(9fc0d4010bbf28b4594072e72b8655ab) Importer(815301076,1909f56bfc062723c751e8b465ee728b)
Start importing Assets/Scenes/Entregable_4.unity using Guid(9fc0d4010bbf28b4594072e72b8655ab) Importer(815301076,1909f56bfc062723c751e8b465ee728b)  -> (artifact id: 'fca0c086ff66ce581a3f9f2768f76334') in 0.001813 seconds 
  Import took 0.004053 seconds .

========================================================================
Received Import Request.
  Time since last request: 666.882294 seconds.
  path: Assets/Scenes/New Material.mat
  artifactKey: Guid(3596b19c349982948946d18349aabfe5) Importer(815301076,1909f56bfc062723c751e8b465ee728b)
Start importing Assets/Scenes/New Material.mat using Guid(3596b19c349982948946d18349aabfe5) Importer(815301076,1909f56bfc062723c751e8b465ee728b)  -> (artifact id: '7ed76957c919055843f91dbbf982b4bc') in 0.110436 seconds 
  Import took 0.113277 seconds .

========================================================================
Received Import Request.
  Time since last request: 15.634982 seconds.
  path: Assets/Scenes/Custom_Mat.mat
  artifactKey: Guid(3596b19c349982948946d18349aabfe5) Importer(815301076,1909f56bfc062723c751e8b465ee728b)
Start importing Assets/Scenes/Custom_Mat.mat using Guid(3596b19c349982948946d18349aabfe5) Importer(815301076,1909f56bfc062723c751e8b465ee728b)  -> (artifact id: '4b558f5c6e0270b53baeec56b028d878') in 0.008601 seconds 
  Import took 0.011587 seconds .

========================================================================
Received Import Request.
  Time since last request: 69.726983 seconds.
  path: Assets/Scenes/Player.prefab
  artifactKey: Guid(b30448890eb220d498bc11f8561a4635) Importer(815301076,1909f56bfc062723c751e8b465ee728b)
Start importing Assets/Scenes/Player.prefab using Guid(b30448890eb220d498bc11f8561a4635) Importer(815301076,1909f56bfc062723c751e8b465ee728b)  -> (artifact id: '2d7b0b2c2cf1f62ed47f4aec9f61aaf9') in 0.022713 seconds 
  Import took 0.025960 seconds .

========================================================================
Received Import Request.
  Time since last request: 655.975078 seconds.
  path: Assets/Scenes/PositionGenerator.cs
  artifactKey: Guid(e834bdbbf5369fa43b34fcee6ec92395) Importer(815301076,1909f56bfc062723c751e8b465ee728b)
Start importing Assets/Scenes/PositionGenerator.cs using Guid(e834bdbbf5369fa43b34fcee6ec92395) Importer(815301076,1909f56bfc062723c751e8b465ee728b)  -> (artifact id: 'a6a11cae01247a6e7d9625562ac3448d') in 0.005312 seconds 
  Import took 0.008318 seconds .

========================================================================
Received Prepare
Registering precompiled user dll's ...
Registered in 0.001705 seconds.
Begin MonoManager ReloadAssembly
Native extension for WindowsStandalone target not found
Refreshing native plugins compatible for Editor in 0.30 ms, found 2 plugins.
Preloading 0 native plugins for Editor in 0.00 ms.
Mono: successfully reloaded assembly
- Completed reload, in  1.000 seconds
Domain Reload Profiling:
	ReloadAssembly (1001ms)
		BeginReloadAssembly (111ms)
			ExecutionOrderSort (0ms)
			DisableScriptedObjects (4ms)
			BackupInstance (0ms)
			ReleaseScriptingObjects (0ms)
			CreateAndSetChildDomain (33ms)
		EndReloadAssembly (822ms)
			LoadAssemblies (83ms)
			RebuildTransferFunctionScriptingTraits (0ms)
			SetupTypeCache (291ms)
			ReleaseScriptCaches (1ms)
			RebuildScriptCaches (39ms)
			SetupLoadedEditorAssemblies (294ms)
				LogAssemblyErrors (0ms)
				InitializePlatformSupportModulesInManaged (6ms)
				SetLoadedEditorAssemblies (0ms)
				RefreshPlugins (0ms)
				BeforeProcessingInitializeOnLoad (52ms)
				ProcessInitializeOnLoadAttributes (225ms)
				ProcessInitializeOnLoadMethodAttributes (5ms)
				AfterProcessingInitializeOnLoad (6ms)
				EditorAssembliesLoaded (0ms)
			ExecutionOrderSort2 (0ms)
			AwakeInstancesAfterBackupRestoration (8ms)
Platform modules already initialized, skipping
Refreshing native plugins compatible for Editor in 0.30 ms, found 2 plugins.
Preloading 0 native plugins for Editor in 0.00 ms.
Unloading 1392 Unused Serialized files (Serialized files now loaded: 0)
System memory in use before: 68.1 MB.
System memory in use after: 68.2 MB.

Unloading 12 unused Assets to reduce memory usage. Loaded Objects now: 1877.
Total: 3.602400 ms (FindLiveObjects: 0.158600 ms CreateObjectMapping: 0.052000 ms MarkObjects: 3.363300 ms  DeleteObjects: 0.027000 ms)

AssetImportParameters requested are different than current active one (requested -> active):
  custom:framework-win-MediaFoundation: 216162199b28c13a410421893ffa2e32 -> 
  custom:video-decoder-ogg-theora: a1e56fd34408186e4bbccfd4996cb3dc -> 
  custom:container-muxer-webm: aa71ff27fc2769a1b78a27578f13a17b -> 
  custom:container-demuxer-webm: 4f35f7cbe854078d1ac9338744f61a02 -> 
  custom:container-demuxer-ogg: 62fdf1f143b41e24485cea50d1cbac27 -> 
  custom:video-encoder-webm-vp8: eb34c28f22e8b96e1ab97ce403110664 -> 
  custom:video-decoder-webm-vp8: 9c59270c3fd7afecdb556c50c9e8de78 -> 
  custom:audio-decoder-ogg-vorbis: bf7c407c2cedff20999df2af8eb42d56 -> 
  custom:audio-encoder-webm-vorbis: bf7c407c2cedff20999df2af8eb42d56 -> 
========================================================================
Received Import Request.
  Time since last request: 3220.569098 seconds.
  path: Assets/Scenes/PositionGenerator.cs
  artifactKey: Guid(e834bdbbf5369fa43b34fcee6ec92395) Importer(815301076,1909f56bfc062723c751e8b465ee728b)
Start importing Assets/Scenes/PositionGenerator.cs using Guid(e834bdbbf5369fa43b34fcee6ec92395) Importer(815301076,1909f56bfc062723c751e8b465ee728b)  -> (artifact id: 'e380be64faba204b4172d010c9f7963e') in 0.008468 seconds 
  Import took 0.011761 seconds .

========================================================================
Received Import Request.
  Time since last request: 308.686800 seconds.
  path: Assets/Scenes/PositionGenerator.cs
  artifactKey: Guid(e834bdbbf5369fa43b34fcee6ec92395) Importer(815301076,1909f56bfc062723c751e8b465ee728b)
Start importing Assets/Scenes/PositionGenerator.cs using Guid(e834bdbbf5369fa43b34fcee6ec92395) Importer(815301076,1909f56bfc062723c751e8b465ee728b)  -> (artifact id: '021d4b0dda670ff90c7d8e8150881fb9') in 0.006972 seconds 
  Import took 0.010649 seconds .

========================================================================
Received Import Request.
  Time since last request: 212.583503 seconds.
  path: Assets/Scenes/PositionGenerator.cs
  artifactKey: Guid(e834bdbbf5369fa43b34fcee6ec92395) Importer(815301076,1909f56bfc062723c751e8b465ee728b)
Start importing Assets/Scenes/PositionGenerator.cs using Guid(e834bdbbf5369fa43b34fcee6ec92395) Importer(815301076,1909f56bfc062723c751e8b465ee728b)  -> (artifact id: '53cdb8af376fc71f28b880250a5a4ea5') in 0.002636 seconds 
  Import took 0.004938 seconds .

========================================================================
Received Import Request.
  Time since last request: 3937.037145 seconds.
  path: Assets/Scenes/PositionGenerator.cs
  artifactKey: Guid(e834bdbbf5369fa43b34fcee6ec92395) Importer(815301076,1909f56bfc062723c751e8b465ee728b)
Start importing Assets/Scenes/PositionGenerator.cs using Guid(e834bdbbf5369fa43b34fcee6ec92395) Importer(815301076,1909f56bfc062723c751e8b465ee728b)  -> (artifact id: 'd492875f2168f68fce4ac8e686807ddc') in 0.001667 seconds 
  Import took 0.005189 seconds .

========================================================================
Received Import Request.
  Time since last request: 128.456886 seconds.
  path: Assets/Scenes/PositionGenerator.cs
  artifactKey: Guid(e834bdbbf5369fa43b34fcee6ec92395) Importer(815301076,1909f56bfc062723c751e8b465ee728b)
Start importing Assets/Scenes/PositionGenerator.cs using Guid(e834bdbbf5369fa43b34fcee6ec92395) Importer(815301076,1909f56bfc062723c751e8b465ee728b)  -> (artifact id: '5da7ece063a8a48963c2a142a5ee2f85') in 0.002257 seconds 
  Import took 0.004512 seconds .

========================================================================
Received Import Request.
  Time since last request: 187.370315 seconds.
  path: Assets/Scenes/PositionGenerator.cs
  artifactKey: Guid(e834bdbbf5369fa43b34fcee6ec92395) Importer(815301076,1909f56bfc062723c751e8b465ee728b)
Start importing Assets/Scenes/PositionGenerator.cs using Guid(e834bdbbf5369fa43b34fcee6ec92395) Importer(815301076,1909f56bfc062723c751e8b465ee728b)  -> (artifact id: 'aa8c50ce3944e3f97629f218ed338d79') in 0.001896 seconds 
  Import took 0.004564 seconds .

AssetImportWorkerClient::OnTransportError - code=2 error=End of file
