Using pre-set license
Built from '2020.3/staging' branch; Version is '2020.3.19f1 (68f137dc9bbe) revision 6877495'; Using compiler version '192528614'; Build Type 'Release'
OS: 'Windows 10 Pro; OS build 19043.1288; Version 2009; 64bit' Language: 'es' Physical Memory: 16342 MB
BatchMode: 1, IsHumanControllingUs: 0, StartBugReporterOnCrash: 0, Is64bit: 1, IsPro: 0

COMMAND LINE ARGUMENTS:
C:\Program Files\Unity\Hub\Editor\2020.3.19f1\Editor\Unity.exe
-adb2
-batchMode
-noUpm
-name
AssetImportWorker0
-projectPath
D:/Marc Carrot/Entregable_4/ENTREGABLE_4
-logFile
Logs/AssetImportWorker0.log
-srvPort
49270
Successfully changed project path to: D:/Marc Carrot/Entregable_4/ENTREGABLE_4
D:/Marc Carrot/Entregable_4/ENTREGABLE_4
Using Asset Import Pipeline V2.
Refreshing native plugins compatible for Editor in 29.74 ms, found 2 plugins.
Preloading 0 native plugins for Editor in 0.00 ms.
Initialize engine version: 2020.3.19f1 (68f137dc9bbe)
[Subsystems] Discovering subsystems at path C:/Program Files/Unity/Hub/Editor/2020.3.19f1/Editor/Data/Resources/UnitySubsystems
[Subsystems] Discovering subsystems at path D:/Marc Carrot/Entregable_4/ENTREGABLE_4/Assets
GfxDevice: creating device client; threaded=0
Direct3D:
    Version:  Direct3D 11.0 [level 11.1]
    Renderer: NVIDIA GeForce GTX 1050 Ti (ID=0x1c82)
    Vendor:   
    VRAM:     4018 MB
    Driver:   27.21.14.5671
Initialize mono
Mono path[0] = 'C:/Program Files/Unity/Hub/Editor/2020.3.19f1/Editor/Data/Managed'
Mono path[1] = 'C:/Program Files/Unity/Hub/Editor/2020.3.19f1/Editor/Data/MonoBleedingEdge/lib/mono/unityjit'
Mono config path = 'C:/Program Files/Unity/Hub/Editor/2020.3.19f1/Editor/Data/MonoBleedingEdge/etc'
Using monoOptions --debugger-agent=transport=dt_socket,embedding=1,server=y,suspend=n,address=127.0.0.1:56240
Begin MonoManager ReloadAssembly
Registering precompiled unity dll's ...
Register platform support module: C:/Program Files/Unity/Hub/Editor/2020.3.19f1/Editor/Data/PlaybackEngines/WindowsStandaloneSupport/UnityEditor.WindowsStandalone.Extensions.dll
Registered in 0.002008 seconds.
Native extension for WindowsStandalone target not found
Refreshing native plugins compatible for Editor in 29.53 ms, found 2 plugins.
Preloading 0 native plugins for Editor in 0.00 ms.
Mono: successfully reloaded assembly
- Completed reload, in  1.155 seconds
Domain Reload Profiling:
	ReloadAssembly (1155ms)
		BeginReloadAssembly (57ms)
			ExecutionOrderSort (0ms)
			DisableScriptedObjects (0ms)
			BackupInstance (0ms)
			ReleaseScriptingObjects (0ms)
			CreateAndSetChildDomain (1ms)
		EndReloadAssembly (443ms)
			LoadAssemblies (55ms)
			RebuildTransferFunctionScriptingTraits (0ms)
			SetupTypeCache (168ms)
			ReleaseScriptCaches (0ms)
			RebuildScriptCaches (35ms)
			SetupLoadedEditorAssemblies (163ms)
				LogAssemblyErrors (0ms)
				InitializePlatformSupportModulesInManaged (4ms)
				SetLoadedEditorAssemblies (0ms)
				RefreshPlugins (30ms)
				BeforeProcessingInitializeOnLoad (8ms)
				ProcessInitializeOnLoadAttributes (89ms)
				ProcessInitializeOnLoadMethodAttributes (31ms)
				AfterProcessingInitializeOnLoad (0ms)
				EditorAssembliesLoaded (0ms)
			ExecutionOrderSort2 (0ms)
			AwakeInstancesAfterBackupRestoration (0ms)
Platform modules already initialized, skipping
Registering precompiled user dll's ...
Registered in 0.001822 seconds.
Begin MonoManager ReloadAssembly
Native extension for WindowsStandalone target not found
Refreshing native plugins compatible for Editor in 0.31 ms, found 2 plugins.
Preloading 0 native plugins for Editor in 0.00 ms.
Mono: successfully reloaded assembly
- Completed reload, in  1.715 seconds
Domain Reload Profiling:
	ReloadAssembly (1716ms)
		BeginReloadAssembly (151ms)
			ExecutionOrderSort (0ms)
			DisableScriptedObjects (5ms)
			BackupInstance (0ms)
			ReleaseScriptingObjects (0ms)
			CreateAndSetChildDomain (19ms)
		EndReloadAssembly (1502ms)
			LoadAssemblies (84ms)
			RebuildTransferFunctionScriptingTraits (0ms)
			SetupTypeCache (276ms)
			ReleaseScriptCaches (0ms)
			RebuildScriptCaches (45ms)
			SetupLoadedEditorAssemblies (988ms)
				LogAssemblyErrors (0ms)
				InitializePlatformSupportModulesInManaged (5ms)
				SetLoadedEditorAssemblies (1ms)
				RefreshPlugins (0ms)
				BeforeProcessingInitializeOnLoad (62ms)
				ProcessInitializeOnLoadAttributes (905ms)
				ProcessInitializeOnLoadMethodAttributes (7ms)
				AfterProcessingInitializeOnLoad (7ms)
				EditorAssembliesLoaded (0ms)
			ExecutionOrderSort2 (0ms)
			AwakeInstancesAfterBackupRestoration (7ms)
Platform modules already initialized, skipping
========================================================================
Worker process is ready to serve import requests
Launched and connected shader compiler UnityShaderCompiler.exe after 0.04 seconds
Refreshing native plugins compatible for Editor in 0.28 ms, found 2 plugins.
Preloading 0 native plugins for Editor in 0.00 ms.
Unloading 1398 Unused Serialized files (Serialized files now loaded: 0)
System memory in use before: 64.8 MB.
System memory in use after: 64.9 MB.

Unloading 16 unused Assets to reduce memory usage. Loaded Objects now: 1833.
Total: 2.674700 ms (FindLiveObjects: 0.125400 ms CreateObjectMapping: 0.038000 ms MarkObjects: 2.411400 ms  DeleteObjects: 0.099000 ms)

AssetImportParameters requested are different than current active one (requested -> active):
  custom:framework-win-MediaFoundation: 216162199b28c13a410421893ffa2e32 -> 
  custom:video-decoder-ogg-theora: a1e56fd34408186e4bbccfd4996cb3dc -> 
  custom:container-muxer-webm: aa71ff27fc2769a1b78a27578f13a17b -> 
  custom:container-demuxer-webm: 4f35f7cbe854078d1ac9338744f61a02 -> 
  custom:container-demuxer-ogg: 62fdf1f143b41e24485cea50d1cbac27 -> 
  custom:video-encoder-webm-vp8: eb34c28f22e8b96e1ab97ce403110664 -> 
  custom:video-decoder-webm-vp8: 9c59270c3fd7afecdb556c50c9e8de78 -> 
  custom:audio-decoder-ogg-vorbis: bf7c407c2cedff20999df2af8eb42d56 -> 
  custom:audio-encoder-webm-vorbis: bf7c407c2cedff20999df2af8eb42d56 -> 
========================================================================
Received Import Request.
  path: Assets/Scenes/Custom_Mat.mat
  artifactKey: Guid(3596b19c349982948946d18349aabfe5) Importer(815301076,1909f56bfc062723c751e8b465ee728b)
Start importing Assets/Scenes/Custom_Mat.mat using Guid(3596b19c349982948946d18349aabfe5) Importer(815301076,1909f56bfc062723c751e8b465ee728b)  -> (artifact id: '73da48bba4eb6d4c24df381cb324a7e1') in 0.135888 seconds 
  Import took 0.138300 seconds .

========================================================================
Received Import Request.
  Time since last request: 0.000183 seconds.
  path: Assets/Scenes/PositionGenerator.cs
  artifactKey: Guid(e834bdbbf5369fa43b34fcee6ec92395) Importer(815301076,1909f56bfc062723c751e8b465ee728b)
Start importing Assets/Scenes/PositionGenerator.cs using Guid(e834bdbbf5369fa43b34fcee6ec92395) Importer(815301076,1909f56bfc062723c751e8b465ee728b)  -> (artifact id: '670a9e17bf03e87757fa9ee37957d6aa') in 0.058229 seconds 
  Import took 0.071476 seconds .

========================================================================
Received Import Request.
  Time since last request: 32.178735 seconds.
  path: Assets/Scenes/PositionGenerator.cs
  artifactKey: Guid(e834bdbbf5369fa43b34fcee6ec92395) Importer(815301076,1909f56bfc062723c751e8b465ee728b)
Start importing Assets/Scenes/PositionGenerator.cs using Guid(e834bdbbf5369fa43b34fcee6ec92395) Importer(815301076,1909f56bfc062723c751e8b465ee728b)  -> (artifact id: 'a8b553dd97fb71529cef1a5479532d32') in 0.002528 seconds 
  Import took 0.005974 seconds .

========================================================================
Received Import Request.
  Time since last request: 30.971745 seconds.
  path: Assets/Scenes/SCRIPTS
  artifactKey: Guid(78c8185bf8890eb4d930a5252a86cd0f) Importer(815301076,1909f56bfc062723c751e8b465ee728b)
Start importing Assets/Scenes/SCRIPTS using Guid(78c8185bf8890eb4d930a5252a86cd0f) Importer(815301076,1909f56bfc062723c751e8b465ee728b)  -> (artifact id: 'bc7395b4eafb36f4848b506fa73e90e6') in 0.002029 seconds 
  Import took 0.005466 seconds .

========================================================================
Received Import Request.
  Time since last request: 20.066858 seconds.
  path: Assets
  artifactKey: Guid(00000000000000001000000000000000) Importer(815301076,1909f56bfc062723c751e8b465ee728b)
Start importing Assets using Guid(00000000000000001000000000000000) Importer(815301076,1909f56bfc062723c751e8b465ee728b)  -> (artifact id: '42d402b061de3733987d63b9cc3b64de') in 0.015042 seconds 
  Import took 0.017312 seconds .

========================================================================
Received Import Request.
  Time since last request: 12.986248 seconds.
  path: Assets/PREFABS
  artifactKey: Guid(87b2ff93d8ff1034ea1d3ea1217d7e78) Importer(815301076,1909f56bfc062723c751e8b465ee728b)
Start importing Assets/PREFABS using Guid(87b2ff93d8ff1034ea1d3ea1217d7e78) Importer(815301076,1909f56bfc062723c751e8b465ee728b)  -> (artifact id: '9523fdaf834f3046d9cf8bb92488e7da') in 0.001757 seconds 
  Import took 0.004679 seconds .

========================================================================
Received Import Request.
  Time since last request: 15.843873 seconds.
  path: Assets/MATERIALS
  artifactKey: Guid(092e11d65a27f6b4db5fee16f573de2b) Importer(815301076,1909f56bfc062723c751e8b465ee728b)
Start importing Assets/MATERIALS using Guid(092e11d65a27f6b4db5fee16f573de2b) Importer(815301076,1909f56bfc062723c751e8b465ee728b)  -> (artifact id: 'f187eaf8269bf013df01b69bbe39f6e8') in 0.002220 seconds 
  Import took 0.004763 seconds .

========================================================================
Received Import Request.
  Time since last request: 1062.933342 seconds.
  path: Assets/Scenes/PositionGenerator.cs
  artifactKey: Guid(0ecc5dfc975ce7946935a60372c64ee5) Importer(815301076,1909f56bfc062723c751e8b465ee728b)
Start importing Assets/Scenes/PositionGenerator.cs using Guid(0ecc5dfc975ce7946935a60372c64ee5) Importer(815301076,1909f56bfc062723c751e8b465ee728b)  -> (artifact id: '62b6bbbaa15f206590c6764723bdb123') in 0.002211 seconds 
  Import took 0.005722 seconds .

AssetImportWorkerClient::OnTransportError - code=2 error=End of file
